SEGGER J-Link GDB Server V5.02c LogFile
Logging started @ 2016-09-28 16:21
03-00000000-00-00000000-0038: WARNING: Unknown command line parameter singlerun found.
03-00000000-00-00000001-0023: -----GDB Server start settings-----
03-00000000-00-00000001-0023: GDBInit file:                  none
03-00000000-00-00000001-0023: GDB Server Listening port:     2331
03-00000000-00-00000001-0023: SWO raw output listening port: 2332
03-00000000-00-00000001-0023: Terminal I/O port:             2333
03-00000000-00-00000001-002D: Accept remote connection:      localhost only
03-00000000-00-00000001-0021: Generate logfile:              on
03-00000000-00-00000001-0021: Verify download:               on
03-00000000-00-00000002-0021: Init regs on start:            on
03-00000000-00-00000002-0022: Silent mode:                   off
03-00000000-00-00000002-0022: Single run mode:               off
03-00000000-00-00000002-0023: Target connection timeout:     0 ms
03-00000000-00-00000002-0023: ------J-Link related settings------
03-00000000-00-00000002-0022: J-Link Host interface:         USB
03-00000000-00-00000002-0023: J-Link script:                 none
03-00000000-00-00000002-0023: J-Link settings file:          none
03-00000000-00-00000002-0023: ------Target related settings------
03-00000000-00-00000002-0028: Target device:                 Cortex-M0
03-00000000-00-00000002-0022: Target interface:              SWD
03-00000000-00-00000002-0023: Target interface speed:        0kHz
03-00000000-00-00000002-0025: Target endian:                 little
03-00000000-00-00000002-0017: Connecting to J-Link...
02-00000000-00-00000015-0035: Firmware: J-Link ARM V8 compiled Nov 28 2014 13:44:46
02-00000000-00-00000015-000F: Hardware: V8.00
02-00000000-00-00000015-000E: S/N: 304423265
02-00000000-00-00000312-0053: Feature(s): RDI,FlashDL,FlashBP,JFlash,GDBFULL  returns O.K. (0309ms, 0309ms total)
03-00000000-00-00000312-0014: J-Link is connected.
02-00000000-00-00000312-005F: T1C04 000:313 JLINK_ExecCommand("device = Cortex-M0", ...)  returns 0x00 (0000ms, 0309ms total)
02-00000000-00-00000312-0068: T1C04 000:313 JLINK_ExecCommand("SetFlashRewriteBehavior = 1", ...)  returns 0x00 (0000ms, 0309ms total)
02-00000000-00-00000312-0041: T1C04 000:313 JLINK_GetFirmwareString(...) (0000ms, 0309ms total)
03-00000000-00-00000312-0035: Firmware: J-Link ARM V8 compiled Nov 28 2014 13:44:46
02-00000000-00-00000312-0050: T1C04 000:313 JLINK_GetHardwareVersion()  returns 0x13880 (0000ms, 0309ms total)
03-00000000-00-00000312-000F: Hardware: V8.00
03-00000000-00-00000312-000E: S/N: 304423265
03-00000000-00-00000312-002E: Feature(s): RDI,FlashDL,FlashBP,JFlash,GDBFULL
02-00000000-00-00000314-0049: T1C04 000:313 JLINK_GetHWStatus(...)  returns 0x00 (0002ms, 0311ms total)
02-00000000-00-00000314-003C: T1C04 000:315 JLINK_EnableSoftBPs(ON) (0000ms, 0311ms total)
03-00000000-00-00000314-001A: Checking target voltage...
03-00000000-00-00000314-0016: Target voltage: 3.31 V
03-00000000-00-00000314-001D: Listening on TCP/IP port 2331
03-00000000-00-00000314-0017: Connecting to target...
02-00000000-00-00000314-0035: T1C04 000:315 JLINK_ClrError() (0000ms, 0311ms total)
02-00000000-00-00000315-0049: T1C04 000:315 JLINK_GetHWStatus(...)  returns 0x00 (0001ms, 0312ms total)
02-00000000-00-00000319-0055: T1C04 000:316 JLINK_TIF_Select(JLINKARM_TIF_SWD)  returns 0x00 (0004ms, 0316ms total)
02-00000000-00-00000337-00D9: T1C04 000:320 JLINK_SetSpeed(0) >0x108 TIF>Found SWD-DP with ID 0x0BB11477 >0x0D TIF> >0x21 TIF> >0x0D TIF> >0x28 TIF> >0x0D TIF> >0x28 TIF> >0x0D TIF> >0x21 TIF> >0x0D TIF> >0x28 TIF> >0x0D TIF> >0x21 TIF> >0x0D TIF>
02-00000000-00-00000337-0053:                 JLINK_EMU_HasCapEx(0x0000002C)  returns 0x01 (0000ms, 0000ms total)
02-00000000-00-00000406-01EB:                >0x0D TIF> >0x21 TIF> >0x0D TIF> >0x28 TIF> >0x0D TIF> >0x28 TIF> >0x0D TIF> >0x21 TIF> >0x0D TIF> >0x28 TIF> >0x0D TIF> >0x21 TIF> >0x0D TIF> >0x21 TIF> >0x0D TIF> >0x21 TIF> >0x0D TIF> >0x21 TIF> >0x0D TIF> >0x28 TIF> >0x0D TIF> >0x28 TIF> >0x0D TIF> >0x21 TIF> >0x0D TIF> >0x28 TIF> >0x0D TIF> >0x28 TIF> >0x0D TIF> >0x28 TIF> >0x0D TIF> >0x21 TIF> >0x0D TIF> >0x21 TIF> >0x0D TIF> >0x28 TIF> >0x0D TIF> >0x21 TIF> >0x0D TIF> >0x21 TIF> -- CPU_ReadMem(4 bytes @ 0xE000EDF0)
02-00000000-00-00000430-01D9:  -- CPU_ReadMem(4 bytes @ 0xE0002000) -- CPU_ReadMem(4 bytes @ 0xE000EDFC) -- CPU_WriteMem(4 bytes @ 0xE000EDFC) -- CPU_ReadMem(4 bytes @ 0xE0001000) -- CPU_WriteMem(4 bytes @ 0xE0001000)CoreSight components:ROMTbl 0 @ E00FF000 -- CPU_ReadMem(16 bytes @ 0xE00FF000) -- CPU_ReadMem(16 bytes @ 0xE000EFF0) -- CPU_ReadMem(16 bytes @ 0xE000EFE0)ROMTbl 0 [0]: FFF0F000, CID: B105E00D, PID: 000BB008 SCS -- CPU_ReadMem(16 bytes @ 0xE0001FF0) -- CPU_ReadMem(16 bytes @ 0xE0001FE0)
02-00000000-00-00000436-00D3: ROMTbl 0 [1]: FFF02000, CID: B105E00D, PID: 000BB00A DWT -- CPU_ReadMem(16 bytes @ 0xE0002FF0) -- CPU_ReadMem(16 bytes @ 0xE0002FE0)ROMTbl 0 [2]: FFF03000, CID: B105E00D, PID: 000BB00B FPB (0117ms, 0433ms total)
02-00000000-00-00000436-0044: T1C04 000:437 JLINK_GetSpeed()  returns 0x7D0 (0000ms, 0433ms total)
02-00000000-00-00000436-0077: T1C04 000:437 JLINK_SetResetType(JLINKARM_RESET_TYPE_NORMAL)  returns JLINKARM_RESET_TYPE_NORMAL (0000ms, 0433ms total)
02-00000000-00-00000436-003B: T1C04 000:437 JLINK_SetResetDelay(0) (0000ms, 0433ms total)
02-00000000-00-00000436-0055: T1C04 000:437 JLINK_SetEndian(ARM_ENDIAN_LITTLE)  returns 0x00 (0000ms, 0433ms total)
02-00000000-00-00000479-01F5: T1C04 000:437 JLINK_Connect() >0x108 TIF>Found SWD-DP with ID 0x0BB11477 >0x0D TIF> >0x21 TIF> >0x0D TIF> >0x28 TIF> >0x0D TIF> >0x28 TIF> >0x0D TIF> >0x21 TIF> >0x0D TIF> >0x28 TIF> >0x0D TIF> >0x21 TIF> >0x0D TIF> >0x21 TIF> >0x0D TIF> >0x21 TIF> >0x0D TIF> >0x21 TIF> >0x0D TIF> >0x28 TIF> >0x0D TIF> >0x28 TIF> >0x0D TIF> >0x21 TIF> >0x0D TIF> >0x28 TIF> >0x0D TIF> >0x28 TIF> >0x0D TIF> >0x28 TIF> >0x0D TIF> >0x21 TIF> >0x0D TIF> >0x21 TIF> >0x0D TIF> >0x28 TIF> >0x0D TIF> >0x21 TIF> >0x0D TIF>
02-00000000-00-00000491-01E3:  >0x21 TIF> -- CPU_ReadMem(4 bytes @ 0xE000EDF0) -- CPU_ReadMem(4 bytes @ 0xE0002000) -- CPU_ReadMem(4 bytes @ 0xE000EDFC) -- CPU_ReadMem(4 bytes @ 0xE0001000) -- CPU_WriteMem(4 bytes @ 0xE0001000)CoreSight components:ROMTbl 0 @ E00FF000 -- CPU_ReadMem(16 bytes @ 0xE00FF000) -- CPU_ReadMem(16 bytes @ 0xE000EFF0) -- CPU_ReadMem(16 bytes @ 0xE000EFE0)ROMTbl 0 [0]: FFF0F000, CID: B105E00D, PID: 000BB008 SCS -- CPU_ReadMem(16 bytes @ 0xE0001FF0) -- CPU_ReadMem(16 bytes @ 0xE0001FE0)
02-00000000-00-00000493-00E1: ROMTbl 0 [1]: FFF02000, CID: B105E00D, PID: 000BB00A DWT -- CPU_ReadMem(16 bytes @ 0xE0002FF0) -- CPU_ReadMem(16 bytes @ 0xE0002FE0)ROMTbl 0 [2]: FFF03000, CID: B105E00D, PID: 000BB00B FPB  returns 0x00 (0057ms, 0490ms total)
02-00000000-00-00000495-00A2: T1C04 000:494 JLINK_GetIdData(...) >0x0D TIF> >0x21 TIF> ScanLen=4 NumDevices=1 aId[0]=0x0BB11477 aIrRead[0]=0 aScanLen[0]=0 aScanRead[0]=0 (0002ms, 0492ms total)
02-00000000-00-00000495-0047: T1C04 000:496 JLINK_GetDeviceFamily()  returns 6 (0000ms, 0492ms total)
02-00000000-00-00000499-0043: T1C04 000:496 JLINK_IsHalted()  returns TRUE (0004ms, 0496ms total)
02-00000000-00-00000499-0043: T1C04 000:500 JLINK_IsHalted()  returns TRUE (0000ms, 0492ms total)
02-00000000-00-00000499-0051: T1C04 000:500 JLINK_WriteReg(R0, 0x00000000)  returns 0x00 (0000ms, 0492ms total)
02-00000000-00-00000499-0051: T1C04 000:500 JLINK_WriteReg(R1, 0x00000000)  returns 0x00 (0000ms, 0492ms total)
02-00000000-00-00000499-0051: T1C04 000:500 JLINK_WriteReg(R2, 0x00000000)  returns 0x00 (0000ms, 0492ms total)
02-00000000-00-00000499-0051: T1C04 000:500 JLINK_WriteReg(R3, 0x00000000)  returns 0x00 (0000ms, 0492ms total)
02-00000000-00-00000499-0051: T1C04 000:500 JLINK_WriteReg(R4, 0x00000000)  returns 0x00 (0000ms, 0492ms total)
02-00000000-00-00000499-0051: T1C04 000:500 JLINK_WriteReg(R5, 0x00000000)  returns 0x00 (0000ms, 0492ms total)
02-00000000-00-00000499-0051: T1C04 000:500 JLINK_WriteReg(R6, 0x00000000)  returns 0x00 (0000ms, 0492ms total)
02-00000000-00-00000499-0051: T1C04 000:500 JLINK_WriteReg(R7, 0x00000000)  returns 0x00 (0000ms, 0492ms total)
02-00000000-00-00000499-0051: T1C04 000:500 JLINK_WriteReg(R8, 0x00000000)  returns 0x00 (0000ms, 0492ms total)
02-00000000-00-00000499-0051: T1C04 000:500 JLINK_WriteReg(R9, 0x00000000)  returns 0x00 (0000ms, 0492ms total)
02-00000000-00-00000499-0052: T1C04 000:500 JLINK_WriteReg(R10, 0x00000000)  returns 0x00 (0000ms, 0492ms total)
02-00000000-00-00000499-0052: T1C04 000:500 JLINK_WriteReg(R11, 0x00000000)  returns 0x00 (0000ms, 0492ms total)
02-00000000-00-00000499-0052: T1C04 000:500 JLINK_WriteReg(R12, 0x00000000)  returns 0x00 (0000ms, 0492ms total)
02-00000000-00-00000499-0057: T1C04 000:500 JLINK_WriteReg(R13 (SP), 0x00000000)  returns 0x00 (0000ms, 0492ms total)
02-00000000-00-00000499-0052: T1C04 000:500 JLINK_WriteReg(R14, 0x00000000)  returns 0x00 (0000ms, 0492ms total)
02-00000000-00-00000499-0057: T1C04 000:500 JLINK_WriteReg(R15 (PC), 0x00000000)  returns 0x00 (0000ms, 0492ms total)
02-00000000-00-00000499-0053: T1C04 000:500 JLINK_WriteReg(XPSR, 0x01000000)  returns 0x00 (0000ms, 0492ms total)
03-00000000-00-00000499-0013: Connected to target
03-00000000-00-00000499-001D: Waiting for GDB connection...
03-00000000-00-00000747-0016: Connected to 127.0.0.1
00-000003B0-00-00000747-0029: +$qSupported:multiprocess+;qRelocInsn+#2a
01-000003B0-00-00000747-0001: +
01-000003B0-00-00000747-0064: $PacketSize=4000;qXfer:memory-map:read-;QStartNoAckMode+;qXfer:threads:read+;qXfer:features:read+#ce
00-000003B0-00-00000748-0001: +
00-000003B0-00-00000748-0013: $QStartNoAckMode#b0
01-000003B0-00-00000748-0001: +
01-000003B0-00-00000748-0006: $OK#9a
00-000003B0-00-00000748-0001: +
00-000003B0-00-00000748-0007: $Hg0#df
01-000003B0-00-00000748-0006: $OK#9a
00-000003B0-00-00000748-0028: $qXfer:features:read:target.xml:0,fff#7d
01-000003B0-00-00000748-07E5: $l<?xml version="1.0"?>
<!-- Copyright (C) 2008 Free Software Foundation, Inc.

     Copying and distribution of this file, with or without modification,
     are permitted in any medium without royalty provided the copyright
     notice and this notice are preserved.  -->

<!DOCTYPE feature SYSTEM "gdb-target.dtd">
<target>
  <architecture>arm</architecture>
<feature name="org.gnu.gdb.arm.m-profile">
    <reg name="r0" bitsize="32" type="uint32" group="general"/>
    <reg name="r1" bitsize="32" type="uint32" group="general"/>
    <reg name="r2" bitsize="32" type="uint32" group="general"/>
    <reg name="r3" bitsize="32" type="uint32" group="general"/>
    <reg name="r4" bitsize="32" type="uint32" group="general"/>
    <reg name="r5" bitsize="32" type="uint32" group="general"/>
    <reg name="r6" bitsize="32" type="uint32" group="general"/>
    <reg name="r7" bitsize="32" type="uint32" group="general"/>
    <reg name="r8" bitsize="32" type="uint32" group="general"/>
    <reg name="r9" bitsize="32" type="uint32" group="general"/>
    <reg name="r10" bitsize="32" type="uint32" group="general"/>
    <reg name="r11" bitsize="32" type="uint32" group="general"/>
    <reg name="r12" bitsize="32" type="uint32" group="general"/>
    <reg name="sp" bitsize="32" type="data_ptr" group="general"/>
    <reg name="lr" bitsize="32" type="uint32" group="general"/>
    <reg name="pc" bitsize="32" type="code_ptr" group="general"/>
    <reg name="xpsr" bitsize="32" regnum="25" type="uint32" group="general"/>
    <reg name="MSP" bitsize="32" regnum="26" type="uint32" group="general"/>
    <reg name="PSP" bitsize="32" regnum="27" type="uint32" group="general"/>
    <reg name="PRIMASK" bitsize="32" regnum="28" type="uint32" group="general"/>
    <reg name="BASEPRI" bitsize="32" regnum="29" type="uint32" group="general"/>
    <reg name="FAULTMASK" bitsize="32" regnum="30" type="uint32" group="general"/>
    <reg name="CONTROL" bitsize="32" regnum="31" type="uint32" group="general"/>
  </feature>
</target>

#3d
00-000003B0-00-00000748-000C: $qTStatus#49
01-000003B0-00-00000748-0004: $#00
00-000003B0-00-00000748-0005: $?#3f
01-000003B0-00-00000748-0007: $S05#b8
00-000003B0-00-00000748-001D: $qXfer:threads:read::0,fff#03
01-000003B0-00-00000748-0005: $l#6c
00-000003B0-00-00000748-0008: $Hc-1#09
01-000003B0-00-00000748-0006: $OK#9a
00-000003B0-00-00000748-0006: $qC#b4
01-000003B0-00-00000748-0004: $#00
00-000003B0-00-00000748-000D: $qAttached#8f
01-000003B0-00-00000748-0004: $#00
00-000003B0-00-00000749-0005: $g#67
03-00000000-00-00000749-0015: Reading all registers
02-00000000-00-00000749-004A: T2184 000:750 JLINK_ReadReg(R0)  returns 0x00000000 (0000ms, 0492ms total)
02-00000000-00-00000749-004A: T2184 000:750 JLINK_ReadReg(R1)  returns 0x00000000 (0000ms, 0492ms total)
02-00000000-00-00000749-004A: T2184 000:750 JLINK_ReadReg(R2)  returns 0x00000000 (0000ms, 0492ms total)
02-00000000-00-00000749-004A: T2184 000:750 JLINK_ReadReg(R3)  returns 0x00000000 (0000ms, 0492ms total)
02-00000000-00-00000749-004A: T2184 000:750 JLINK_ReadReg(R4)  returns 0x00000000 (0000ms, 0492ms total)
02-00000000-00-00000749-004A: T2184 000:750 JLINK_ReadReg(R5)  returns 0x00000000 (0000ms, 0492ms total)
02-00000000-00-00000749-004A: T2184 000:750 JLINK_ReadReg(R6)  returns 0x00000000 (0000ms, 0492ms total)
02-00000000-00-00000749-004A: T2184 000:750 JLINK_ReadReg(R7)  returns 0x00000000 (0000ms, 0492ms total)
02-00000000-00-00000749-004A: T2184 000:750 JLINK_ReadReg(R8)  returns 0x00000000 (0000ms, 0492ms total)
02-00000000-00-00000749-004A: T2184 000:750 JLINK_ReadReg(R9)  returns 0x00000000 (0000ms, 0492ms total)
02-00000000-00-00000749-004B: T2184 000:750 JLINK_ReadReg(R10)  returns 0x00000000 (0000ms, 0492ms total)
02-00000000-00-00000749-004B: T2184 000:750 JLINK_ReadReg(R11)  returns 0x00000000 (0000ms, 0492ms total)
02-00000000-00-00000749-004B: T2184 000:750 JLINK_ReadReg(R12)  returns 0x00000000 (0000ms, 0492ms total)
02-00000000-00-00000749-0050: T2184 000:750 JLINK_ReadReg(R13 (SP))  returns 0x00000000 (0000ms, 0492ms total)
02-00000000-00-00000749-004B: T2184 000:750 JLINK_ReadReg(R14)  returns 0x00000000 (0000ms, 0492ms total)
02-00000000-00-00000749-0050: T2184 000:750 JLINK_ReadReg(R15 (PC))  returns 0x00000000 (0000ms, 0492ms total)
02-00000000-00-00000749-004C: T2184 000:750 JLINK_ReadReg(XPSR)  returns 0x01000000 (0000ms, 0492ms total)
02-00000000-00-00000749-004B: T2184 000:750 JLINK_ReadReg(MSP)  returns 0x00000000 (0000ms, 0492ms total)
02-00000000-00-00000749-004B: T2184 000:750 JLINK_ReadReg(PSP)  returns 0xFFFFFFFC (0000ms, 0492ms total)
02-00000000-00-00000749-004F: T2184 000:750 JLINK_ReadReg(PRIMASK)  returns 0x00000000 (0000ms, 0492ms total)
02-00000000-00-00000749-004F: T2184 000:750 JLINK_ReadReg(BASEPRI)  returns 0x00000000 (0000ms, 0492ms total)
02-00000000-00-00000749-0051: T2184 000:750 JLINK_ReadReg(FAULTMASK)  returns 0x00000000 (0000ms, 0492ms total)
02-00000000-00-00000749-004F: T2184 000:750 JLINK_ReadReg(CONTROL)  returns 0x00000000 (0000ms, 0492ms total)
01-000003B0-00-00000749-00BC: $000000000000000000000000000000000000000000000000000000000000000000000000000000000000000000000000000000000000000000000000000000000000000100000000fcffffff00000000000000000000000000000000#2e
00-000003B0-00-00000749-0008: $m0,4#fd
02-00000000-00-00000750-0099: T2184 000:750 JLINK_ReadMem (0x00000000, 0x0004 Bytes, ...) -- CPU_ReadMem(4 bytes @ 0x00000000) - Data: 00 80 FC 07  returns 0x00 (0001ms, 0493ms total)
03-00000000-00-00000750-0035: Read 4 bytes @ address 0x00000000 (Data = 0x07FC8000)
01-000003B0-00-00000750-000C: $0080fc07#f8
00-000003B0-00-00000811-001A: $qRcmd,7370656564203330#5f
02-00000000-00-00000811-0037: T2184 000:812 JLINK_SetSpeed(30) (0000ms, 0493ms total)
02-00000000-00-00000811-0043: T2184 000:812 JLINK_GetSpeed()  returns 0x1E (0000ms, 0493ms total)
01-000003B0-00-00000811-0050: $54617267657420696e746572666163652073706565642073657420746f203330206b487a0D0A#5a
03-00000000-00-00000811-0024: Target interface speed set to 30 kHz
00-000003B0-00-00000811-0014: $qRcmd,636c726270#5d
01-000003B0-00-00000811-0006: $OK#9a
00-000003B0-00-00000811-0018: $qRcmd,72657365742030#fc
02-00000000-00-00000811-0077: T2184 000:812 JLINK_SetResetType(JLINKARM_RESET_TYPE_NORMAL)  returns JLINKARM_RESET_TYPE_NORMAL (0000ms, 0493ms total)
02-00000000-00-00000812-003E: T2184 000:813 JLINK_ResetPullsRESET(ON) (0000ms, 0494ms total)
02-00000000-00-00001047-01FB: T2184 000:813 JLINK_Reset() -- CPU_WriteMem(4 bytes @ 0xE000EDF0) -- CPU_WriteMem(4 bytes @ 0xE000EDFC) >0x35 TIF> -- CPU_WriteMem(4 bytes @ 0xE000ED0C) -- CPU_ReadMem(4 bytes @ 0xE000EDF0) -- CPU_ReadMem(4 bytes @ 0xE000EDF0) -- CPU_WriteMem(4 bytes @ 0xE000EDF0) -- CPU_WriteMem(4 bytes @ 0xE000EDFC) -- CPU is running -- CPU_ReadMem(4 bytes @ 0xE000EDF0) -- CPU_WriteMem(4 bytes @ 0xE0002000) -- CPU_ReadMem(4 bytes @ 0xE000EDFC) -- CPU_ReadMem(4 bytes @ 0xE0001000) -- CPU_WriteMem(4 bytes @ 0xE0001000)
02-00000000-00-00001047-0017:  (0235ms, 0729ms total)
01-000003B0-00-00001047-007C: $52657365747320636f72652026207065726970686572616c7320766961205359535245534554524551202620564543545245534554206269742e0D0A#1f
03-00000000-00-00001047-003A: Resets core & peripherals via SYSRESETREQ & VECTRESET bit.
00-000003B0-00-00001047-0012: $qRcmd,68616c74#fc
03-00000000-00-00001047-0015: Halting target CPU...
02-00000000-00-00001049-003F: T2184 001:048 JLINK_Halt()  returns 0x00 (0002ms, 0731ms total)
02-00000000-00-00001049-0043: T2184 001:050 JLINK_IsHalted()  returns TRUE (0000ms, 0731ms total)
02-00000000-00-00001049-0050: T2184 001:050 JLINK_ReadReg(R15 (PC))  returns 0x08000100 (0000ms, 0731ms total)
03-00000000-00-00001049-0022: ...Target halted (PC = 0x08000100)
01-000003B0-00-00001049-0006: $OK#9a
00-000003B0-00-00001049-0012: $qRcmd,72656773#ce
02-00000000-00-00001049-004F: T2184 001:050 JLINK_ReadReg(PRIMASK)  returns 0x00000000 (0000ms, 0731ms total)
02-00000000-00-00001049-004F: T2184 001:050 JLINK_ReadReg(BASEPRI)  returns 0x00000000 (0000ms, 0731ms total)
02-00000000-00-00001049-0051: T2184 001:050 JLINK_ReadReg(FAULTMASK)  returns 0x00000000 (0000ms, 0731ms total)
02-00000000-00-00001049-004F: T2184 001:050 JLINK_ReadReg(CONTROL)  returns 0x00000000 (0000ms, 0731ms total)
02-00000000-00-00001049-004C: T2184 001:050 JLINK_ReadReg(CFBP)  returns 0x00000000 (0000ms, 0731ms total)
02-00000000-00-00001049-004C: T2184 001:050 JLINK_ReadReg(IPSR)  returns 0x00000000 (0000ms, 0731ms total)
02-00000000-00-00001049-004C: T2184 001:050 JLINK_ReadReg(EPSR)  returns 0x01000000 (0000ms, 0731ms total)
02-00000000-00-00001049-004C: T2184 001:050 JLINK_ReadReg(APSR)  returns 0xC0000000 (0000ms, 0731ms total)
02-00000000-00-00001049-004C: T2184 001:050 JLINK_ReadReg(XPSR)  returns 0xC1000000 (0000ms, 0731ms total)
02-00000000-00-00001049-0050: T2184 001:050 JLINK_ReadReg(R15 (PC))  returns 0x08000100 (0000ms, 0731ms total)
02-00000000-00-00001049-004B: T2184 001:050 JLINK_ReadReg(R14)  returns 0xFFFFFFFF (0000ms, 0731ms total)
02-00000000-00-00001049-004B: T2184 001:050 JLINK_ReadReg(PSP)  returns 0xFFFFFFFC (0000ms, 0731ms total)
02-00000000-00-00001049-004B: T2184 001:050 JLINK_ReadReg(MSP)  returns 0x07FC8000 (0000ms, 0731ms total)
02-00000000-00-00001049-0050: T2184 001:050 JLINK_ReadReg(R13 (SP))  returns 0x07FC8000 (0000ms, 0731ms total)
02-00000000-00-00001049-004B: T2184 001:050 JLINK_ReadReg(R12)  returns 0xFFFFFFFF (0000ms, 0731ms total)
02-00000000-00-00001049-004B: T2184 001:050 JLINK_ReadReg(R11)  returns 0xFFFFFFFF (0000ms, 0731ms total)
02-00000000-00-00001049-004B: T2184 001:050 JLINK_ReadReg(R10)  returns 0xFFFFFFFF (0000ms, 0731ms total)
02-00000000-00-00001049-004A: T2184 001:050 JLINK_ReadReg(R9)  returns 0xFFFFFFFF (0000ms, 0731ms total)
02-00000000-00-00001049-004A: T2184 001:050 JLINK_ReadReg(R8)  returns 0xFFFFFFFF (0000ms, 0731ms total)
02-00000000-00-00001049-004A: T2184 001:050 JLINK_ReadReg(R7)  returns 0xFFFFFFFF (0000ms, 0731ms total)
02-00000000-00-00001049-004A: T2184 001:050 JLINK_ReadReg(R6)  returns 0xFFFFFFFF (0000ms, 0731ms total)
02-00000000-00-00001049-004A: T2184 001:050 JLINK_ReadReg(R5)  returns 0xFFFFFFFF (0000ms, 0731ms total)
02-00000000-00-00001049-004A: T2184 001:050 JLINK_ReadReg(R4)  returns 0xFFFFFFFF (0000ms, 0731ms total)
02-00000000-00-00001049-004A: T2184 001:050 JLINK_ReadReg(R3)  returns 0xFFFFFFFF (0000ms, 0731ms total)
02-00000000-00-00001049-004A: T2184 001:050 JLINK_ReadReg(R2)  returns 0xFFFFFFFF (0000ms, 0731ms total)
02-00000000-00-00001049-004A: T2184 001:050 JLINK_ReadReg(R1)  returns 0xFFFFFFFF (0000ms, 0731ms total)
02-00000000-00-00001049-004A: T2184 001:050 JLINK_ReadReg(R0)  returns 0xFFFFFFFF (0000ms, 0731ms total)
01-000003B0-00-00001049-0322: $5230203d2046464646464646462c205231203d2046464646464646462c205232203d2046464646464646462c205233203d2046464646464646460a5234203d2046464646464646462c205235203d2046464646464646462c205236203d2046464646464646462c205237203d2046464646464646460a5238203d2046464646464646462c205239203d2046464646464646462c205231303d2046464646464646462c205231313d2046464646464646460a5231323d2046464646464646462c205231333d2030374643383030302c204d53503d2030374643383030302c205053503d2046464646464646430a523134284c5229203d2046464646464646462c2052313528504329203d2030383030303130300a585053522043313030303030302c20415053522043303030303030302c20455053522030313030303030302c20495053522030303030303030300a434642502030303030303030302c20434f4e54524f4c2030302c204641554c544d41534b2030302c20424153455052492030302c205052494d41534b2030300D0A#1a
03-00000000-00-00001050-003A: R0 = FFFFFFFF, R1 = FFFFFFFF, R2 = FFFFFFFF, R3 = FFFFFFFF
03-00000000-00-00001050-003A: R4 = FFFFFFFF, R5 = FFFFFFFF, R6 = FFFFFFFF, R7 = FFFFFFFF
03-00000000-00-00001050-003A: R8 = FFFFFFFF, R9 = FFFFFFFF, R10= FFFFFFFF, R11= FFFFFFFF
03-00000000-00-00001050-003A: R12= FFFFFFFF, R13= 07FC8000, MSP= 07FC8000, PSP= FFFFFFFC
03-00000000-00-00001050-0026: R14(LR) = FFFFFFFF, R15(PC) = 08000100
03-00000000-00-00001050-003A: XPSR C1000000, APSR C0000000, EPSR 01000000, IPSR 00000000
03-00000000-00-00001050-003F: CFBP 00000000, CONTROL 00, FAULTMASK 00, BASEPRI 00, PRIMASK 00
00-000003B0-00-00001050-0005: $g#67
03-00000000-00-00001050-0015: Reading all registers
02-00000000-00-00001050-004A: T2184 001:051 JLINK_ReadReg(R0)  returns 0xFFFFFFFF (0000ms, 0731ms total)
02-00000000-00-00001050-004A: T2184 001:051 JLINK_ReadReg(R1)  returns 0xFFFFFFFF (0000ms, 0731ms total)
02-00000000-00-00001050-004A: T2184 001:051 JLINK_ReadReg(R2)  returns 0xFFFFFFFF (0000ms, 0731ms total)
02-00000000-00-00001050-004A: T2184 001:051 JLINK_ReadReg(R3)  returns 0xFFFFFFFF (0000ms, 0731ms total)
02-00000000-00-00001050-004A: T2184 001:051 JLINK_ReadReg(R4)  returns 0xFFFFFFFF (0000ms, 0731ms total)
02-00000000-00-00001050-004A: T2184 001:051 JLINK_ReadReg(R5)  returns 0xFFFFFFFF (0000ms, 0731ms total)
02-00000000-00-00001050-004A: T2184 001:051 JLINK_ReadReg(R6)  returns 0xFFFFFFFF (0000ms, 0731ms total)
02-00000000-00-00001050-004A: T2184 001:051 JLINK_ReadReg(R7)  returns 0xFFFFFFFF (0000ms, 0731ms total)
02-00000000-00-00001050-004A: T2184 001:051 JLINK_ReadReg(R8)  returns 0xFFFFFFFF (0000ms, 0731ms total)
02-00000000-00-00001050-004A: T2184 001:051 JLINK_ReadReg(R9)  returns 0xFFFFFFFF (0000ms, 0731ms total)
02-00000000-00-00001050-004B: T2184 001:051 JLINK_ReadReg(R10)  returns 0xFFFFFFFF (0000ms, 0731ms total)
02-00000000-00-00001050-004B: T2184 001:051 JLINK_ReadReg(R11)  returns 0xFFFFFFFF (0000ms, 0731ms total)
02-00000000-00-00001050-004B: T2184 001:051 JLINK_ReadReg(R12)  returns 0xFFFFFFFF (0000ms, 0731ms total)
02-00000000-00-00001050-0050: T2184 001:051 JLINK_ReadReg(R13 (SP))  returns 0x07FC8000 (0000ms, 0731ms total)
02-00000000-00-00001050-004B: T2184 001:051 JLINK_ReadReg(R14)  returns 0xFFFFFFFF (0000ms, 0731ms total)
02-00000000-00-00001050-0050: T2184 001:051 JLINK_ReadReg(R15 (PC))  returns 0x08000100 (0000ms, 0731ms total)
02-00000000-00-00001050-004C: T2184 001:051 JLINK_ReadReg(XPSR)  returns 0xC1000000 (0000ms, 0731ms total)
02-00000000-00-00001050-004B: T2184 001:051 JLINK_ReadReg(MSP)  returns 0x07FC8000 (0000ms, 0731ms total)
02-00000000-00-00001050-004B: T2184 001:051 JLINK_ReadReg(PSP)  returns 0xFFFFFFFC (0000ms, 0731ms total)
02-00000000-00-00001050-004F: T2184 001:051 JLINK_ReadReg(PRIMASK)  returns 0x00000000 (0000ms, 0731ms total)
02-00000000-00-00001050-004F: T2184 001:051 JLINK_ReadReg(BASEPRI)  returns 0x00000000 (0000ms, 0731ms total)
02-00000000-00-00001050-0051: T2184 001:051 JLINK_ReadReg(FAULTMASK)  returns 0x00000000 (0000ms, 0731ms total)
02-00000000-00-00001050-004F: T2184 001:051 JLINK_ReadReg(CONTROL)  returns 0x00000000 (0000ms, 0731ms total)
01-000003B0-00-00001050-00BC: $ffffffffffffffffffffffffffffffffffffffffffffffffffffffffffffffffffffffffffffffffffffffffffffffffffffffff0080fc07ffffffff00010008000000c10080fc07fcffffff00000000000000000000000000000000#fa
00-000003B0-00-00001050-000E: $m8000100,4#26
02-00000000-00-00001060-0099: T2184 001:052 JLINK_ReadMem (0x08000100, 0x0004 Bytes, ...) -- CPU_ReadMem(4 bytes @ 0x08000100) - Data: 28 4C 0F CC  returns 0x00 (0009ms, 0740ms total)
03-00000000-00-00001060-0035: Read 4 bytes @ address 0x08000100 (Data = 0xCC0F4C28)
01-000003B0-00-00001060-000C: $284c0fcc#5d
00-000003B0-00-00001061-001E: $qRcmd,7370656564206175746f#70
02-00000000-00-00001061-0038: T2184 001:062 JLINK_SetMaxSpeed() (0000ms, 0740ms total)
02-00000000-00-00001061-0044: T2184 001:062 JLINK_GetSpeed()  returns 0x7D0 (0000ms, 0740ms total)
01-000003B0-00-00001061-0062: $53656c656374206175746f2074617267657420696e74657266616365207370656564202832303030206b487a290D0A#34
03-00000000-00-00001061-002D: Select auto target interface speed (2000 kHz)
00-000003B0-00-00001062-0030: $qRcmd,666c61736820627265616b706f696e74732030#ab
02-00000000-00-00001062-005C: T2184 001:063 JLINK_ExecCommand("DisableFlashBPs", ...)  returns 0x00 (0000ms, 0740ms total)
01-000003B0-00-00001062-003C: $466c61736820627265616b706f696e74732064697361626c65640D0A#88
03-00000000-00-00001062-001A: Flash breakpoints disabled
00-000003B0-00-00001062-0034: $qRcmd,6d656d5533322030783430304333303530203d2031#12
02-00000000-00-00001063-007F: T2184 001:063 JLINK_WriteU32(0x400C3050, 0x00000001) -- CPU_WriteMem(4 bytes @ 0x400C3050)  returns 0x00 (0001ms, 0741ms total)
01-000003B0-00-00001063-0056: $57726974696e6720307830303030303030312040206164647265737320307834303043333035300D0A#bf
03-00000000-00-00001063-0027: Writing 0x00000001 @ address 0x400C3050
00-000003B0-00-00001064-001E: $qRcmd,736c6565702031303030#52
01-000003B0-00-00002064-0020: $536c65657020313030306d730D0A#16
03-00000000-00-00002064-000C: Sleep 1000ms
00-000003B0-00-00002064-0018: $qRcmd,72657365742030#fc
02-00000000-00-00002064-0077: T2184 002:065 JLINK_SetResetType(JLINKARM_RESET_TYPE_NORMAL)  returns JLINKARM_RESET_TYPE_NORMAL (0000ms, 0741ms total)
02-00000000-00-00002064-003E: T2184 002:065 JLINK_ResetPullsRESET(ON) (0000ms, 0741ms total)
02-00000000-00-00002096-01C4: T2184 002:065 JLINK_Reset() -- CPU_WriteMem(4 bytes @ 0xE000EDF0) -- CPU_WriteMem(4 bytes @ 0xE000EDFC) >0x35 TIF> -- CPU_WriteMem(4 bytes @ 0xE000ED0C) -- CPU_ReadMem(4 bytes @ 0xE000EDF0) >0x108 TIF>Found SWD-DP with ID 0x0BB11477 >0x0D TIF> >0x21 TIF> >0x0D TIF> >0x28 TIF> >0x0D TIF> >0x28 TIF> >0x0D TIF> >0x21 TIF> >0x0D TIF> >0x28 TIF> >0x0D TIF> >0x28 TIF> >0x0D TIF> >0x28 TIF> >0x0D TIF> >0x21 TIF> >0x0D TIF> >0x0D TIF> >0x0D TIF> >0x0D TIF>
02-00000000-00-00002096-0035:   ***** Error: Error while identifying Cortex-M core.
03-00000000-00-00002097-003A: WARNING: Failed to reset CPU. VECTRESET has confused core.
03-00000000-00-00002220-0026: WARNING: CPU did not halt after reset.
03-00000000-00-00002223-0020: WARNING: CPU could not be halted
03-00000000-00-00002352-0026: WARNING: CPU did not halt after reset.
03-00000000-00-00002356-0020: WARNING: CPU could not be halted
03-00000000-00-00002358-0021: WARNING: Could not set S_RESET_ST
02-00000000-00-00002493-01F1:  >0x35 TIF>Failed to reset CPU. VECTRESET has confused core.CPU did not halt after reset.CPU could not be haltedCPU did not halt after reset.CPU could not be haltedCould not set S_RESET_ST >0x172 TIF> >0x108 TIF>Found SWD-DP with ID 0x0BB11477 >0x0D TIF> >0x28 TIF> >0x0D TIF> >0x28 TIF> >0x0D TIF> >0x21 TIF> >0x0D TIF> >0x28 TIF> >0x0D TIF> >0x0D TIF> >0x0D TIF> >0x0D TIF> >0x0D TIF> >0x28 TIF> >0x0D TIF> >0x21 TIF> >0x0D TIF> >0x21 TIF> >0x0D TIF> >0x0D TIF> >0x0D TIF> >0x35 TIF> >0x108 TIF>
03-00000000-00-00002518-003A: WARNING: Failed to reset CPU. VECTRESET has confused core.
03-00000000-00-00002641-0026: WARNING: CPU did not halt after reset.
03-00000000-00-00002644-0020: WARNING: CPU could not be halted
03-00000000-00-00002773-0026: WARNING: CPU did not halt after reset.
03-00000000-00-00002776-0020: WARNING: CPU could not be halted
03-00000000-00-00002779-0021: WARNING: Could not set S_RESET_ST
02-00000000-00-00002780-01E3: Found SWD-DP with ID 0x0BB11477 >0x0D TIF> >0x21 TIF> >0x0D TIF> >0x28 TIF> >0x0D TIF> >0x28 TIF> >0x0D TIF> >0x21 TIF> >0x0D TIF> >0x28 TIF> >0x0D TIF> >0x28 TIF> >0x0D TIF> >0x28 TIF> >0x0D TIF> >0x21 TIF> >0x0D TIF> >0x21 TIF> >0x0D TIF> >0x28 TIF> >0x0D TIF> >0x21 TIF> >0x0D TIF> >0x21 TIF> >0x35 TIF>Failed to reset CPU. VECTRESET has confused core.CPU did not halt after reset.CPU could not be haltedCPU did not halt after reset.CPU could not be haltedCould not set S_RESET_ST
02-00000000-00-00002786-00AD:  -- CPU_ReadMem(4 bytes @ 0xE000EDFC) -- CPU_WriteMem(4 bytes @ 0xE000EDFC) -- CPU_ReadMem(4 bytes @ 0xE0001000) -- CPU_WriteMem(4 bytes @ 0xE0001000) (0722ms, 1463ms total)
03-00000000-00-00002786-002D: ERROR: Error while identifying Cortex-M core.
01-000003B0-00-00002787-007C: $52657365747320636f72652026207065726970686572616c7320766961205359535245534554524551202620564543545245534554206269742e0D0A#1f
03-00000000-00-00002787-003A: Resets core & peripherals via SYSRESETREQ & VECTRESET bit.
02-00000000-00-00002788-0049: T2214 002:788 JLINK_GetHWStatus(...)  returns 0x00 (0001ms, 1464ms total)
00-000003B0-00-00002843-000D: $qSymbol::#5b
01-000003B0-00-00002843-0004: $#00
00-000003B0-00-00002989-000E: $m8000100,4#26
02-00000000-00-00002989-0074: T2184 002:990 JLINK_ReadMem (0x08000100, 0x0004 Bytes, ...) - Data: AA AA AA AA  returns 0x01 (0000ms, 1464ms total)
03-00000000-00-00002989-0033: WARNING: Failed to read memory @ address 0x08000100
01-000003B0-00-00002989-0007: $E01#a6
00-000003B0-00-00002989-001D: $qXfer:threads:read::0,fff#03
01-000003B0-00-00002989-0005: $l#6c
00-000003B0-00-00003000-001D: $qXfer:threads:read::0,fff#03
01-000003B0-00-00003000-0005: $l#6c
00-000003B0-00-00003012-000F: $mffffffff,4#fd
02-00000000-00-00003013-0074: T2184 003:014 JLINK_ReadMem (0xFFFFFFFF, 0x0004 Bytes, ...) - Data: AA AA AA AA  returns 0x01 (0000ms, 1464ms total)
03-00000000-00-00003013-0033: WARNING: Failed to read memory @ address 0xFFFFFFFF
01-000003B0-00-00003013-0007: $E01#a6
00-000003B0-00-00003013-000F: $mffffffff,4#fd
02-00000000-00-00003013-0074: T2184 003:014 JLINK_ReadMem (0xFFFFFFFF, 0x0004 Bytes, ...) - Data: AA AA AA AA  returns 0x01 (0000ms, 1464ms total)
03-00000000-00-00003013-0033: WARNING: Failed to read memory @ address 0xFFFFFFFF
01-000003B0-00-00003013-0007: $E01#a6
00-000003B0-00-00003033-000E: $m80426c0,2#62
02-00000000-00-00003033-006E: T2184 003:034 JLINK_ReadMem (0x080426C0, 0x0002 Bytes, ...) - Data: AA AA  returns 0x01 (0000ms, 1464ms total)
03-00000000-00-00003033-0033: WARNING: Failed to read memory @ address 0x080426C0
01-000003B0-00-00003033-0007: $E01#a6
00-000003B0-00-00003043-0014: $qRcmd,636c726270#5d
01-000003B0-00-00003043-0006: $OK#9a
00-000003B0-00-00003043-0018: $qRcmd,72657365742030#fc
02-00000000-00-00003043-0077: T2184 003:044 JLINK_SetResetType(JLINKARM_RESET_TYPE_NORMAL)  returns JLINKARM_RESET_TYPE_NORMAL (0000ms, 1464ms total)
02-00000000-00-00003043-003E: T2184 003:044 JLINK_ResetPullsRESET(ON) (0000ms, 1464ms total)
02-00000000-00-00003062-0193: T2184 003:044 JLINK_Reset() -- CPU is running -- CPU_WriteMem(4 bytes @ 0xE000EDF0) -- CPU is running -- CPU_WriteMem(4 bytes @ 0xE000EDFC) >0x9F TIF> -- CPU is running -- CPU_WriteMem(4 bytes @ 0xE000ED0C) -- CPU is running -- CPU_ReadMem(4 bytes @ 0xE000EDF0) >0x108 TIF>Found SWD-DP with ID 0x0BB11477 >0x0D TIF> >0x21 TIF> >0x0D TIF> >0x28 TIF> >0x0D TIF> >0x28 TIF> >0x0D TIF> >0x21 TIF> >0x0D TIF>
02-00000000-00-00003066-0068:   ***** Error: Communication error while reading DP-Ctrl-Stat register. >0x0D TIF> >0x0D TIF> >0x0D TIF>
03-00000000-00-00003072-003A: WARNING: Failed to reset CPU. VECTRESET has confused core.
03-00000000-00-00003195-0026: WARNING: CPU did not halt after reset.
03-00000000-00-00003199-0020: WARNING: CPU could not be halted
03-00000000-00-00003329-0026: WARNING: CPU did not halt after reset.
03-00000000-00-00003332-0020: WARNING: CPU could not be halted
03-00000000-00-00003335-0021: WARNING: Could not set S_RESET_ST
02-00000000-00-00003360-01F9:  >0x0D TIF> >0x0D TIF> >0x0D TIF> >0x0D TIF> >0x0D TIF> >0x35 TIF>Failed to reset CPU. VECTRESET has confused core.CPU did not halt after reset.CPU could not be haltedCPU did not halt after reset.CPU could not be haltedCould not set S_RESET_ST >0x172 TIF>Found SWD-DP with ID 0x0BB11477 >0x0D TIF> >0x21 TIF> >0x0D TIF> >0x28 TIF> >0x0D TIF> >0x28 TIF> >0x0D TIF> >0x0D TIF> >0x0D TIF> >0x0D TIF> >0x0D TIF> >0x0D TIF> >0x0D TIF> >0x0D TIF> >0x0D TIF> >0x35 TIF> >0x108 TIF>Found SWD-DP with ID 0x0BB11477
03-00000000-00-00003382-003A: WARNING: Failed to reset CPU. VECTRESET has confused core.
03-00000000-00-00003505-0026: WARNING: CPU did not halt after reset.
03-00000000-00-00003508-0020: WARNING: CPU could not be halted
03-00000000-00-00003637-0026: WARNING: CPU did not halt after reset.
03-00000000-00-00003638-0020: WARNING: CPU could not be halted
03-00000000-00-00003642-0021: WARNING: Could not set S_RESET_ST
02-00000000-00-00003646-01EE:  >0x0D TIF> >0x21 TIF> >0x0D TIF> >0x28 TIF> >0x0D TIF> >0x28 TIF> >0x0D TIF> >0x21 TIF> >0x0D TIF> >0x28 TIF> >0x0D TIF> >0x28 TIF> >0x0D TIF> >0x28 TIF> >0x0D TIF> >0x21 TIF> >0x0D TIF> >0x21 TIF> >0x0D TIF> >0x0D TIF> >0x0D TIF> >0x35 TIF>Failed to reset CPU. VECTRESET has confused core.CPU did not halt after reset.CPU could not be haltedCPU did not halt after reset.CPU could not be haltedCould not set S_RESET_ST -- CPU_ReadMem(4 bytes @ 0xE000EDFC) -- CPU_WriteMem(4 bytes @ 0xE000EDFC)
02-00000000-00-00003648-0062:  -- CPU_ReadMem(4 bytes @ 0xE0001000) -- CPU_WriteMem(4 bytes @ 0xE0001000) (0605ms, 2069ms total)
03-00000000-00-00003649-003F: ERROR: Communication error while reading DP-Ctrl-Stat register.
01-000003B0-00-00003649-007C: $52657365747320636f72652026207065726970686572616c7320766961205359535245534554524551202620564543545245534554206269742e0D0A#1f
03-00000000-00-00003649-003A: Resets core & peripherals via SYSRESETREQ & VECTRESET bit.
00-000003B0-00-00003649-0012: $qRcmd,68616c74#fc
03-00000000-00-00003650-0015: Halting target CPU...
03-00000000-00-00003654-0020: WARNING: CPU could not be halted
02-00000000-00-00003654-0056: T2184 003:651 JLINK_Halt()CPU could not be halted  returns 0x01 (0004ms, 2073ms total)
02-00000000-00-00003656-0044: T2184 003:655 JLINK_IsHalted()  returns ERROR (0002ms, 2075ms total)
02-00000000-00-00003657-0037: T2184 003:657 JLINK_ReadReg(R15 (PC)) -- CPU is running
02-00000000-00-00003657-006D:   ***** Error: Can not read register 15 (R15) while CPU is running  returns 0x00000000 (0001ms, 2074ms total)
03-00000000-00-00003658-003A: ERROR: Can not read register 15 (R15) while CPU is running
03-00000000-00-00003658-0022: ...Target halted (PC = 0x00000000)
01-000003B0-00-00003658-0006: $OK#9a
00-000003B0-00-00003662-000E: $m80426c0,2#62
02-00000000-00-00003663-006E: T2184 003:664 JLINK_ReadMem (0x080426C0, 0x0002 Bytes, ...) - Data: AA AA  returns 0x01 (0000ms, 2074ms total)
03-00000000-00-00003663-0033: WARNING: Failed to read memory @ address 0x080426C0
01-000003B0-00-00003663-0007: $E01#a6
00-000003B0-00-00003663-0012: $qRcmd,72656773#ce
02-00000000-00-00003665-0036: T2184 003:665 JLINK_ReadReg(PRIMASK) -- CPU is running
02-00000000-00-00003665-0071:   ***** Error: Can not read register 24 (PRIMASK) while CPU is running  returns 0x00000000 (0001ms, 2075ms total)
03-00000000-00-00003665-003E: ERROR: Can not read register 24 (PRIMASK) while CPU is running
02-00000000-00-00003667-0036: T2184 003:666 JLINK_ReadReg(BASEPRI) -- CPU is running
02-00000000-00-00003667-0071:   ***** Error: Can not read register 25 (BASEPRI) while CPU is running  returns 0x00000000 (0002ms, 2077ms total)
03-00000000-00-00003667-003E: ERROR: Can not read register 25 (BASEPRI) while CPU is running
02-00000000-00-00003669-0038: T2184 003:668 JLINK_ReadReg(FAULTMASK) -- CPU is running
02-00000000-00-00003669-0073:   ***** Error: Can not read register 26 (FAULTMASK) while CPU is running  returns 0x00000000 (0002ms, 2079ms total)
03-00000000-00-00003669-0040: ERROR: Can not read register 26 (FAULTMASK) while CPU is running
02-00000000-00-00003671-0036: T2184 003:670 JLINK_ReadReg(CONTROL) -- CPU is running
02-00000000-00-00003671-0071:   ***** Error: Can not read register 27 (CONTROL) while CPU is running  returns 0x00000000 (0002ms, 2081ms total)
03-00000000-00-00003671-003E: ERROR: Can not read register 27 (CONTROL) while CPU is running
02-00000000-00-00003673-0033: T2184 003:672 JLINK_ReadReg(CFBP) -- CPU is running
02-00000000-00-00003673-006E:   ***** Error: Can not read register 20 (CFBP) while CPU is running  returns 0x00000000 (0002ms, 2083ms total)
03-00000000-00-00003673-003B: ERROR: Can not read register 20 (CFBP) while CPU is running
02-00000000-00-00003675-0033: T2184 003:674 JLINK_ReadReg(IPSR) -- CPU is running
02-00000000-00-00003675-006E:   ***** Error: Can not read register 23 (IPSR) while CPU is running  returns 0x00000000 (0002ms, 2085ms total)
03-00000000-00-00003675-003B: ERROR: Can not read register 23 (IPSR) while CPU is running
02-00000000-00-00003677-0033: T2184 003:676 JLINK_ReadReg(EPSR) -- CPU is running
02-00000000-00-00003677-006E:   ***** Error: Can not read register 22 (EPSR) while CPU is running  returns 0x00000000 (0002ms, 2087ms total)
03-00000000-00-00003677-003B: ERROR: Can not read register 22 (EPSR) while CPU is running
02-00000000-00-00003679-0033: T2184 003:678 JLINK_ReadReg(APSR) -- CPU is running
02-00000000-00-00003679-006E:   ***** Error: Can not read register 21 (APSR) while CPU is running  returns 0x00000000 (0002ms, 2089ms total)
03-00000000-00-00003679-003B: ERROR: Can not read register 21 (APSR) while CPU is running
02-00000000-00-00003681-0033: T2184 003:680 JLINK_ReadReg(XPSR) -- CPU is running
02-00000000-00-00003681-006E:   ***** Error: Can not read register 16 (XPSR) while CPU is running  returns 0x00000000 (0002ms, 2091ms total)
03-00000000-00-00003681-003B: ERROR: Can not read register 16 (XPSR) while CPU is running
02-00000000-00-00003683-0037: T2184 003:682 JLINK_ReadReg(R15 (PC)) -- CPU is running
02-00000000-00-00003683-006D:   ***** Error: Can not read register 15 (R15) while CPU is running  returns 0x00000000 (0002ms, 2093ms total)
03-00000000-00-00003683-003A: ERROR: Can not read register 15 (R15) while CPU is running
02-00000000-00-00003684-0032: T2184 003:684 JLINK_ReadReg(R14) -- CPU is running
02-00000000-00-00003684-006D:   ***** Error: Can not read register 14 (R14) while CPU is running  returns 0x00000000 (0001ms, 2094ms total)
03-00000000-00-00003684-003A: ERROR: Can not read register 14 (R14) while CPU is running
02-00000000-00-00003686-0032: T2184 003:685 JLINK_ReadReg(PSP) -- CPU is running
02-00000000-00-00003686-006D:   ***** Error: Can not read register 18 (PSP) while CPU is running  returns 0x00000000 (0002ms, 2096ms total)
03-00000000-00-00003686-003A: ERROR: Can not read register 18 (PSP) while CPU is running
02-00000000-00-00003688-0032: T2184 003:687 JLINK_ReadReg(MSP) -- CPU is running
02-00000000-00-00003688-006D:   ***** Error: Can not read register 17 (MSP) while CPU is running  returns 0x00000000 (0002ms, 2098ms total)
03-00000000-00-00003688-003A: ERROR: Can not read register 17 (MSP) while CPU is running
02-00000000-00-00003690-0037: T2184 003:689 JLINK_ReadReg(R13 (SP)) -- CPU is running
02-00000000-00-00003690-006D:   ***** Error: Can not read register 13 (R13) while CPU is running  returns 0x00000000 (0002ms, 2100ms total)
03-00000000-00-00003690-003A: ERROR: Can not read register 13 (R13) while CPU is running
02-00000000-00-00003692-0032: T2184 003:691 JLINK_ReadReg(R12) -- CPU is running
02-00000000-00-00003692-006D:   ***** Error: Can not read register 12 (R12) while CPU is running  returns 0x00000000 (0002ms, 2102ms total)
03-00000000-00-00003692-003A: ERROR: Can not read register 12 (R12) while CPU is running
02-00000000-00-00003694-0032: T2184 003:693 JLINK_ReadReg(R11) -- CPU is running
02-00000000-00-00003694-006D:   ***** Error: Can not read register 11 (R11) while CPU is running  returns 0x00000000 (0002ms, 2104ms total)
03-00000000-00-00003694-003A: ERROR: Can not read register 11 (R11) while CPU is running
02-00000000-00-00003695-0032: T2184 003:695 JLINK_ReadReg(R10) -- CPU is running
02-00000000-00-00003695-006D:   ***** Error: Can not read register 10 (R10) while CPU is running  returns 0x00000000 (0001ms, 2105ms total)
03-00000000-00-00003695-003A: ERROR: Can not read register 10 (R10) while CPU is running
02-00000000-00-00003696-0031: T2184 003:696 JLINK_ReadReg(R9) -- CPU is running
02-00000000-00-00003696-006B:   ***** Error: Can not read register 9 (R9) while CPU is running  returns 0x00000000 (0001ms, 2106ms total)
03-00000000-00-00003696-0038: ERROR: Can not read register 9 (R9) while CPU is running
02-00000000-00-00003698-0031: T2184 003:697 JLINK_ReadReg(R8) -- CPU is running
02-00000000-00-00003698-006B:   ***** Error: Can not read register 8 (R8) while CPU is running  returns 0x00000000 (0002ms, 2108ms total)
03-00000000-00-00003698-0038: ERROR: Can not read register 8 (R8) while CPU is running
02-00000000-00-00003700-0031: T2184 003:699 JLINK_ReadReg(R7) -- CPU is running
02-00000000-00-00003700-006B:   ***** Error: Can not read register 7 (R7) while CPU is running  returns 0x00000000 (0002ms, 2110ms total)
03-00000000-00-00003700-0038: ERROR: Can not read register 7 (R7) while CPU is running
02-00000000-00-00003702-0031: T2184 003:701 JLINK_ReadReg(R6) -- CPU is running
02-00000000-00-00003702-006B:   ***** Error: Can not read register 6 (R6) while CPU is running  returns 0x00000000 (0002ms, 2112ms total)
03-00000000-00-00003702-0038: ERROR: Can not read register 6 (R6) while CPU is running
02-00000000-00-00003703-0031: T2184 003:703 JLINK_ReadReg(R5) -- CPU is running
02-00000000-00-00003703-006B:   ***** Error: Can not read register 5 (R5) while CPU is running  returns 0x00000000 (0001ms, 2113ms total)
03-00000000-00-00003703-0038: ERROR: Can not read register 5 (R5) while CPU is running
02-00000000-00-00003704-0031: T2184 003:704 JLINK_ReadReg(R4) -- CPU is running
02-00000000-00-00003704-006B:   ***** Error: Can not read register 4 (R4) while CPU is running  returns 0x00000000 (0001ms, 2114ms total)
03-00000000-00-00003704-0038: ERROR: Can not read register 4 (R4) while CPU is running
02-00000000-00-00003705-0031: T2184 003:705 JLINK_ReadReg(R3) -- CPU is running
02-00000000-00-00003705-006B:   ***** Error: Can not read register 3 (R3) while CPU is running  returns 0x00000000 (0001ms, 2115ms total)
03-00000000-00-00003705-0038: ERROR: Can not read register 3 (R3) while CPU is running
02-00000000-00-00003706-0031: T2184 003:706 JLINK_ReadReg(R2) -- CPU is running
02-00000000-00-00003706-006B:   ***** Error: Can not read register 2 (R2) while CPU is running  returns 0x00000000 (0001ms, 2116ms total)
03-00000000-00-00003706-0038: ERROR: Can not read register 2 (R2) while CPU is running
02-00000000-00-00003707-0031: T2184 003:707 JLINK_ReadReg(R1) -- CPU is running
02-00000000-00-00003707-006B:   ***** Error: Can not read register 1 (R1) while CPU is running  returns 0x00000000 (0001ms, 2117ms total)
03-00000000-00-00003707-0038: ERROR: Can not read register 1 (R1) while CPU is running
02-00000000-00-00003709-0031: T2184 003:708 JLINK_ReadReg(R0) -- CPU is running
02-00000000-00-00003709-006B:   ***** Error: Can not read register 0 (R0) while CPU is running  returns 0x00000000 (0002ms, 2119ms total)
03-00000000-00-00003709-0038: ERROR: Can not read register 0 (R0) while CPU is running
01-000003B0-00-00003709-0322: $5230203d2030303030303030302c205231203d2030303030303030302c205232203d2030303030303030302c205233203d2030303030303030300a5234203d2030303030303030302c205235203d2030303030303030302c205236203d2030303030303030302c205237203d2030303030303030300a5238203d2030303030303030302c205239203d2030303030303030302c205231303d2030303030303030302c205231313d2030303030303030300a5231323d2030303030303030302c205231333d2030303030303030302c204d53503d2030303030303030302c205053503d2030303030303030300a523134284c5229203d2030303030303030302c2052313528504329203d2030303030303030300a585053522030303030303030302c20415053522030303030303030302c20455053522030303030303030302c20495053522030303030303030300a434642502030303030303030302c20434f4e54524f4c2030302c204641554c544d41534b2030302c20424153455052492030302c205052494d41534b2030300D0A#8e
03-00000000-00-00003711-003A: R0 = 00000000, R1 = 00000000, R2 = 00000000, R3 = 00000000
03-00000000-00-00003711-003A: R4 = 00000000, R5 = 00000000, R6 = 00000000, R7 = 00000000
03-00000000-00-00003711-003A: R8 = 00000000, R9 = 00000000, R10= 00000000, R11= 00000000
03-00000000-00-00003711-003A: R12= 00000000, R13= 00000000, MSP= 00000000, PSP= 00000000
03-00000000-00-00003711-0026: R14(LR) = 00000000, R15(PC) = 00000000
03-00000000-00-00003711-003A: XPSR 00000000, APSR 00000000, EPSR 00000000, IPSR 00000000
03-00000000-00-00003711-003F: CFBP 00000000, CONTROL 00, FAULTMASK 00, BASEPRI 00, PRIMASK 00
00-000003B0-00-00003711-0005: $g#67
03-00000000-00-00003711-0015: Reading all registers
02-00000000-00-00003713-0031: T2184 003:712 JLINK_ReadReg(R0) -- CPU is running
02-00000000-00-00003713-006B:   ***** Error: Can not read register 0 (R0) while CPU is running  returns 0x00000000 (0002ms, 2121ms total)
03-00000000-00-00003713-0038: ERROR: Can not read register 0 (R0) while CPU is running
02-00000000-00-00003715-0031: T2184 003:714 JLINK_ReadReg(R1) -- CPU is running
02-00000000-00-00003715-006B:   ***** Error: Can not read register 1 (R1) while CPU is running  returns 0x00000000 (0002ms, 2123ms total)
03-00000000-00-00003715-0038: ERROR: Can not read register 1 (R1) while CPU is running
02-00000000-00-00003717-0031: T2184 003:716 JLINK_ReadReg(R2) -- CPU is running
02-00000000-00-00003717-006B:   ***** Error: Can not read register 2 (R2) while CPU is running  returns 0x00000000 (0002ms, 2125ms total)
03-00000000-00-00003717-0038: ERROR: Can not read register 2 (R2) while CPU is running
02-00000000-00-00003719-0031: T2184 003:718 JLINK_ReadReg(R3) -- CPU is running
02-00000000-00-00003719-006B:   ***** Error: Can not read register 3 (R3) while CPU is running  returns 0x00000000 (0002ms, 2127ms total)
03-00000000-00-00003719-0038: ERROR: Can not read register 3 (R3) while CPU is running
02-00000000-00-00003720-0031: T2184 003:720 JLINK_ReadReg(R4) -- CPU is running
02-00000000-00-00003720-006B:   ***** Error: Can not read register 4 (R4) while CPU is running  returns 0x00000000 (0001ms, 2128ms total)
03-00000000-00-00003720-0038: ERROR: Can not read register 4 (R4) while CPU is running
02-00000000-00-00003722-0031: T2184 003:721 JLINK_ReadReg(R5) -- CPU is running
02-00000000-00-00003722-006B:   ***** Error: Can not read register 5 (R5) while CPU is running  returns 0x00000000 (0002ms, 2130ms total)
03-00000000-00-00003722-0038: ERROR: Can not read register 5 (R5) while CPU is running
02-00000000-00-00003724-0031: T2184 003:723 JLINK_ReadReg(R6) -- CPU is running
02-00000000-00-00003724-006B:   ***** Error: Can not read register 6 (R6) while CPU is running  returns 0x00000000 (0002ms, 2132ms total)
03-00000000-00-00003724-0038: ERROR: Can not read register 6 (R6) while CPU is running
02-00000000-00-00003726-0031: T2184 003:725 JLINK_ReadReg(R7) -- CPU is running
02-00000000-00-00003726-006B:   ***** Error: Can not read register 7 (R7) while CPU is running  returns 0x00000000 (0002ms, 2134ms total)
03-00000000-00-00003726-0038: ERROR: Can not read register 7 (R7) while CPU is running
02-00000000-00-00003728-0031: T2184 003:727 JLINK_ReadReg(R8) -- CPU is running
02-00000000-00-00003728-006B:   ***** Error: Can not read register 8 (R8) while CPU is running  returns 0x00000000 (0002ms, 2136ms total)
03-00000000-00-00003728-0038: ERROR: Can not read register 8 (R8) while CPU is running
02-00000000-00-00003730-0031: T2184 003:729 JLINK_ReadReg(R9) -- CPU is running
02-00000000-00-00003730-006B:   ***** Error: Can not read register 9 (R9) while CPU is running  returns 0x00000000 (0002ms, 2138ms total)
03-00000000-00-00003730-0038: ERROR: Can not read register 9 (R9) while CPU is running
02-00000000-00-00003732-0032: T2184 003:731 JLINK_ReadReg(R10) -- CPU is running
02-00000000-00-00003732-006D:   ***** Error: Can not read register 10 (R10) while CPU is running  returns 0x00000000 (0002ms, 2140ms total)
03-00000000-00-00003732-003A: ERROR: Can not read register 10 (R10) while CPU is running
02-00000000-00-00003734-0032: T2184 003:733 JLINK_ReadReg(R11) -- CPU is running
02-00000000-00-00003734-006D:   ***** Error: Can not read register 11 (R11) while CPU is running  returns 0x00000000 (0002ms, 2142ms total)
03-00000000-00-00003734-003A: ERROR: Can not read register 11 (R11) while CPU is running
02-00000000-00-00003735-0032: T2184 003:735 JLINK_ReadReg(R12) -- CPU is running
02-00000000-00-00003735-006D:   ***** Error: Can not read register 12 (R12) while CPU is running  returns 0x00000000 (0001ms, 2143ms total)
03-00000000-00-00003735-003A: ERROR: Can not read register 12 (R12) while CPU is running
02-00000000-00-00003736-0037: T2184 003:736 JLINK_ReadReg(R13 (SP)) -- CPU is running
02-00000000-00-00003736-006D:   ***** Error: Can not read register 13 (R13) while CPU is running  returns 0x00000000 (0001ms, 2144ms total)
03-00000000-00-00003736-003A: ERROR: Can not read register 13 (R13) while CPU is running
02-00000000-00-00003737-0032: T2184 003:737 JLINK_ReadReg(R14) -- CPU is running
02-00000000-00-00003737-006D:   ***** Error: Can not read register 14 (R14) while CPU is running  returns 0x00000000 (0001ms, 2145ms total)
03-00000000-00-00003737-003A: ERROR: Can not read register 14 (R14) while CPU is running
02-00000000-00-00003738-0037: T2184 003:738 JLINK_ReadReg(R15 (PC)) -- CPU is running
02-00000000-00-00003738-006D:   ***** Error: Can not read register 15 (R15) while CPU is running  returns 0x00000000 (0001ms, 2146ms total)
03-00000000-00-00003738-003A: ERROR: Can not read register 15 (R15) while CPU is running
02-00000000-00-00003739-0033: T2184 003:739 JLINK_ReadReg(XPSR) -- CPU is running
02-00000000-00-00003739-006E:   ***** Error: Can not read register 16 (XPSR) while CPU is running  returns 0x00000000 (0001ms, 2147ms total)
03-00000000-00-00003739-003B: ERROR: Can not read register 16 (XPSR) while CPU is running
02-00000000-00-00003740-0032: T2184 003:740 JLINK_ReadReg(MSP) -- CPU is running
02-00000000-00-00003740-006D:   ***** Error: Can not read register 17 (MSP) while CPU is running  returns 0x00000000 (0001ms, 2148ms total)
03-00000000-00-00003740-003A: ERROR: Can not read register 17 (MSP) while CPU is running
02-00000000-00-00003742-0032: T2184 003:741 JLINK_ReadReg(PSP) -- CPU is running
02-00000000-00-00003742-006D:   ***** Error: Can not read register 18 (PSP) while CPU is running  returns 0x00000000 (0002ms, 2150ms total)
03-00000000-00-00003742-003A: ERROR: Can not read register 18 (PSP) while CPU is running
02-00000000-00-00003744-0036: T2184 003:743 JLINK_ReadReg(PRIMASK) -- CPU is running
02-00000000-00-00003744-0071:   ***** Error: Can not read register 24 (PRIMASK) while CPU is running  returns 0x00000000 (0002ms, 2152ms total)
03-00000000-00-00003744-003E: ERROR: Can not read register 24 (PRIMASK) while CPU is running
02-00000000-00-00003746-0036: T2184 003:745 JLINK_ReadReg(BASEPRI) -- CPU is running
02-00000000-00-00003746-0071:   ***** Error: Can not read register 25 (BASEPRI) while CPU is running  returns 0x00000000 (0002ms, 2154ms total)
03-00000000-00-00003746-003E: ERROR: Can not read register 25 (BASEPRI) while CPU is running
02-00000000-00-00003748-0038: T2184 003:747 JLINK_ReadReg(FAULTMASK) -- CPU is running
02-00000000-00-00003748-0073:   ***** Error: Can not read register 26 (FAULTMASK) while CPU is running  returns 0x00000000 (0002ms, 2156ms total)
03-00000000-00-00003748-0040: ERROR: Can not read register 26 (FAULTMASK) while CPU is running
02-00000000-00-00003749-0036: T2184 003:749 JLINK_ReadReg(CONTROL) -- CPU is running
02-00000000-00-00003749-0071:   ***** Error: Can not read register 27 (CONTROL) while CPU is running  returns 0x00000000 (0001ms, 2157ms total)
03-00000000-00-00003749-003E: ERROR: Can not read register 27 (CONTROL) while CPU is running
01-000003B0-00-00003749-00BC: $0000000000000000000000000000000000000000000000000000000000000000000000000000000000000000000000000000000000000000000000000000000000000000000000000000000000000000000000000000000000000000#80
00-000003B0-00-00003749-0008: $m0,4#fd
02-00000000-00-00003750-0074: T2184 003:751 JLINK_ReadMem (0x00000000, 0x0004 Bytes, ...) - Data: AA AA AA AA  returns 0x01 (0000ms, 2157ms total)
03-00000000-00-00003750-0033: WARNING: Failed to read memory @ address 0x00000000
01-000003B0-00-00003750-0007: $E01#a6
00-000003B0-00-00003751-000A: $vCont?#49
01-000003B0-00-00003751-0004: $#00
00-000003B0-00-00003751-0007: $Hc0#db
01-000003B0-00-00003751-0006: $OK#9a
00-000003B0-00-00003751-0005: $c#63
03-00000000-00-00003752-0016: Starting target CPU...
02-00000000-00-00003753-0044: T2184 003:753 JLINK_IsHalted()  returns ERROR (0001ms, 2158ms total)
02-00000000-00-00003754-0039: T2184 003:754 JLINK_GoEx(MaxEmulInsts = -1, Flags = 0x00)
02-00000000-00-00003754-0037:   ***** Error: CPU is not halted (0001ms, 2158ms total)
03-00000000-00-00003754-0018: ERROR: CPU is not halted
02-00000000-00-00003755-0044: T2184 003:755 JLINK_IsHalted()  returns ERROR (0001ms, 2159ms total)
02-00000000-00-00003757-0037: T2184 003:756 JLINK_ReadReg(R15 (PC)) -- CPU is running
02-00000000-00-00003757-006D:   ***** Error: Can not read register 15 (R15) while CPU is running  returns 0x00000000 (0002ms, 2160ms total)
03-00000000-00-00003757-003A: ERROR: Can not read register 15 (R15) while CPU is running
02-00000000-00-00003757-0058: T2184 003:758 JLINK_FindBP(Addr = 0x00000000)  returns 0x00000000 (0000ms, 2160ms total)
02-00000000-00-00003757-0044: T2184 003:758 JLINK_GetNumWPs()  returns 0x00 (0000ms, 2160ms total)
03-00000000-00-00003757-0022: ...Target halted (PC = 0x00000000)
01-000003B0-00-00003758-0007: $T05#b9
00-000003B0-01-00003758-0001: 03
03-00000000-00-00003758-0024: Debugger requested to halt target...
00-000003B0-00-00003760-0005: $g#67
03-00000000-00-00003760-0015: Reading all registers
02-00000000-00-00003761-0031: T2184 003:761 JLINK_ReadReg(R0) -- CPU is running
02-00000000-00-00003761-006B:   ***** Error: Can not read register 0 (R0) while CPU is running  returns 0x00000000 (0001ms, 2161ms total)
03-00000000-00-00003761-0038: ERROR: Can not read register 0 (R0) while CPU is running
02-00000000-00-00003762-0031: T2184 003:763 JLINK_ReadReg(R1) -- CPU is running
02-00000000-00-00003762-006B:   ***** Error: Can not read register 1 (R1) while CPU is running  returns 0x00000000 (0000ms, 2161ms total)
03-00000000-00-00003763-0038: ERROR: Can not read register 1 (R1) while CPU is running
02-00000000-00-00003764-0031: T2184 003:764 JLINK_ReadReg(R2) -- CPU is running
02-00000000-00-00003764-006B:   ***** Error: Can not read register 2 (R2) while CPU is running  returns 0x00000000 (0001ms, 2162ms total)
03-00000000-00-00003765-0038: ERROR: Can not read register 2 (R2) while CPU is running
02-00000000-00-00003766-0031: T2184 003:766 JLINK_ReadReg(R3) -- CPU is running
02-00000000-00-00003766-006B:   ***** Error: Can not read register 3 (R3) while CPU is running  returns 0x00000000 (0001ms, 2163ms total)
03-00000000-00-00003767-0038: ERROR: Can not read register 3 (R3) while CPU is running
02-00000000-00-00003768-0031: T2184 003:768 JLINK_ReadReg(R4) -- CPU is running
02-00000000-00-00003768-006B:   ***** Error: Can not read register 4 (R4) while CPU is running  returns 0x00000000 (0001ms, 2164ms total)
03-00000000-00-00003768-0038: ERROR: Can not read register 4 (R4) while CPU is running
02-00000000-00-00003770-0031: T2184 003:769 JLINK_ReadReg(R5) -- CPU is running
02-00000000-00-00003770-006B:   ***** Error: Can not read register 5 (R5) while CPU is running  returns 0x00000000 (0002ms, 2166ms total)
03-00000000-00-00003771-0038: ERROR: Can not read register 5 (R5) while CPU is running
02-00000000-00-00003772-0031: T2184 003:772 JLINK_ReadReg(R6) -- CPU is running
02-00000000-00-00003772-006B:   ***** Error: Can not read register 6 (R6) while CPU is running  returns 0x00000000 (0001ms, 2167ms total)
03-00000000-00-00003773-0038: ERROR: Can not read register 6 (R6) while CPU is running
02-00000000-00-00003774-0031: T2184 003:774 JLINK_ReadReg(R7) -- CPU is running
02-00000000-00-00003774-006B:   ***** Error: Can not read register 7 (R7) while CPU is running  returns 0x00000000 (0001ms, 2168ms total)
03-00000000-00-00003775-0038: ERROR: Can not read register 7 (R7) while CPU is running
02-00000000-00-00003776-0031: T2184 003:776 JLINK_ReadReg(R8) -- CPU is running
02-00000000-00-00003776-006B:   ***** Error: Can not read register 8 (R8) while CPU is running  returns 0x00000000 (0001ms, 2169ms total)
03-00000000-00-00003776-0038: ERROR: Can not read register 8 (R8) while CPU is running
02-00000000-00-00003778-0031: T2184 003:777 JLINK_ReadReg(R9) -- CPU is running
02-00000000-00-00003778-006B:   ***** Error: Can not read register 9 (R9) while CPU is running  returns 0x00000000 (0002ms, 2171ms total)
03-00000000-00-00003779-0038: ERROR: Can not read register 9 (R9) while CPU is running
02-00000000-00-00003780-0032: T2184 003:780 JLINK_ReadReg(R10) -- CPU is running
02-00000000-00-00003780-006D:   ***** Error: Can not read register 10 (R10) while CPU is running  returns 0x00000000 (0001ms, 2172ms total)
03-00000000-00-00003780-003A: ERROR: Can not read register 10 (R10) while CPU is running
02-00000000-00-00003781-0032: T2184 003:781 JLINK_ReadReg(R11) -- CPU is running
02-00000000-00-00003781-006D:   ***** Error: Can not read register 11 (R11) while CPU is running  returns 0x00000000 (0001ms, 2173ms total)
03-00000000-00-00003781-003A: ERROR: Can not read register 11 (R11) while CPU is running
02-00000000-00-00003782-0032: T2184 003:782 JLINK_ReadReg(R12) -- CPU is running
02-00000000-00-00003782-006D:   ***** Error: Can not read register 12 (R12) while CPU is running  returns 0x00000000 (0001ms, 2174ms total)
03-00000000-00-00003782-003A: ERROR: Can not read register 12 (R12) while CPU is running
02-00000000-00-00003783-0037: T2184 003:783 JLINK_ReadReg(R13 (SP)) -- CPU is running
02-00000000-00-00003783-006D:   ***** Error: Can not read register 13 (R13) while CPU is running  returns 0x00000000 (0001ms, 2175ms total)
03-00000000-00-00003783-003A: ERROR: Can not read register 13 (R13) while CPU is running
02-00000000-00-00003784-0032: T2184 003:784 JLINK_ReadReg(R14) -- CPU is running
02-00000000-00-00003784-006D:   ***** Error: Can not read register 14 (R14) while CPU is running  returns 0x00000000 (0001ms, 2176ms total)
03-00000000-00-00003784-003A: ERROR: Can not read register 14 (R14) while CPU is running
02-00000000-00-00003786-0037: T2184 003:785 JLINK_ReadReg(R15 (PC)) -- CPU is running
02-00000000-00-00003786-006D:   ***** Error: Can not read register 15 (R15) while CPU is running  returns 0x00000000 (0002ms, 2178ms total)
03-00000000-00-00003786-003A: ERROR: Can not read register 15 (R15) while CPU is running
02-00000000-00-00003787-0033: T2184 003:787 JLINK_ReadReg(XPSR) -- CPU is running
02-00000000-00-00003787-006E:   ***** Error: Can not read register 16 (XPSR) while CPU is running  returns 0x00000000 (0001ms, 2179ms total)
03-00000000-00-00003787-003B: ERROR: Can not read register 16 (XPSR) while CPU is running
02-00000000-00-00003788-0032: T2184 003:788 JLINK_ReadReg(MSP) -- CPU is running
02-00000000-00-00003788-006D:   ***** Error: Can not read register 17 (MSP) while CPU is running  returns 0x00000000 (0001ms, 2180ms total)
03-00000000-00-00003788-003A: ERROR: Can not read register 17 (MSP) while CPU is running
02-00000000-00-00003789-0032: T2184 003:789 JLINK_ReadReg(PSP) -- CPU is running
02-00000000-00-00003789-006D:   ***** Error: Can not read register 18 (PSP) while CPU is running  returns 0x00000000 (0001ms, 2181ms total)
03-00000000-00-00003789-003A: ERROR: Can not read register 18 (PSP) while CPU is running
02-00000000-00-00003790-0036: T2184 003:790 JLINK_ReadReg(PRIMASK) -- CPU is running
02-00000000-00-00003790-0071:   ***** Error: Can not read register 24 (PRIMASK) while CPU is running  returns 0x00000000 (0001ms, 2182ms total)
03-00000000-00-00003790-003E: ERROR: Can not read register 24 (PRIMASK) while CPU is running
02-00000000-00-00003791-0036: T2184 003:791 JLINK_ReadReg(BASEPRI) -- CPU is running
02-00000000-00-00003791-0071:   ***** Error: Can not read register 25 (BASEPRI) while CPU is running  returns 0x00000000 (0001ms, 2183ms total)
03-00000000-00-00003791-003E: ERROR: Can not read register 25 (BASEPRI) while CPU is running
02-00000000-00-00003792-0038: T2184 003:792 JLINK_ReadReg(FAULTMASK) -- CPU is running
02-00000000-00-00003792-0073:   ***** Error: Can not read register 26 (FAULTMASK) while CPU is running  returns 0x00000000 (0001ms, 2184ms total)
03-00000000-00-00003792-0040: ERROR: Can not read register 26 (FAULTMASK) while CPU is running
02-00000000-00-00003793-0036: T2184 003:793 JLINK_ReadReg(CONTROL) -- CPU is running
02-00000000-00-00003793-0071:   ***** Error: Can not read register 27 (CONTROL) while CPU is running  returns 0x00000000 (0001ms, 2185ms total)
03-00000000-00-00003793-003E: ERROR: Can not read register 27 (CONTROL) while CPU is running
01-000003B0-00-00003793-00BC: $0000000000000000000000000000000000000000000000000000000000000000000000000000000000000000000000000000000000000000000000000000000000000000000000000000000000000000000000000000000000000000#80
00-000003B0-00-00003794-0008: $m0,4#fd
02-00000000-00-00003794-0074: T2184 003:795 JLINK_ReadMem (0x00000000, 0x0004 Bytes, ...) - Data: AA AA AA AA  returns 0x01 (0000ms, 2185ms total)
03-00000000-00-00003794-0033: WARNING: Failed to read memory @ address 0x00000000
01-000003B0-00-00003794-0007: $E01#a6
00-000003B0-00-00003794-001D: $qXfer:threads:read::0,fff#03
01-000003B0-00-00003794-0005: $l#6c
00-000003B0-00-00003795-001D: $qXfer:threads:read::0,fff#03
01-000003B0-00-00003795-0005: $l#6c
00-000003B0-00-00003795-0008: $m0,4#fd
02-00000000-00-00003795-0074: T2184 003:796 JLINK_ReadMem (0x00000000, 0x0004 Bytes, ...) - Data: AA AA AA AA  returns 0x01 (0000ms, 2185ms total)
03-00000000-00-00003796-0033: WARNING: Failed to read memory @ address 0x00000000
01-000003B0-00-00003796-0007: $E01#a6
00-000003B0-00-00003796-0005: $k#6b
03-00000000-00-00003796-001C: GDB closed TCP/IP connection
03-00000000-00-00003822-0037: Restoring target state and closing J-Link connection...
02-00000000-00-00003822-0041: T1C04 003:823 JLINK_IsOpen()  returns 0x01 (0000ms, 2186ms total)
02-00000000-00-00003822-0056: T1C04 003:823 JLINK_ExecCommand("ClrAllBPs", ...)  returns 0x00 (0000ms, 2186ms total)
03-00000000-00-00003840-0010: Shutting down...
