SEGGER J-Link GDB Server V5.02c Command Line Version

JLinkARM.dll V5.02c (DLL compiled Sep 10 2015 17:39:31)

-----GDB Server start settings-----
GDBInit file:                  none
GDB Server Listening port:     2331
SWO raw output listening port: 2332
Terminal I/O port:             2333
Accept remote connection:      localhost only
Generate logfile:              on
Verify download:               off
Init regs on start:            off
Silent mode:                   on
Single run mode:               on
Target connection timeout:     0 ms
------J-Link related settings------
J-Link Host interface:         USB
J-Link script:                 none
J-Link settings file:          none
------Target related settings------
Target device:                 Cortex-M0
Target interface:              SWD
Target interface speed:        0kHz
Target endian:                 little

