SEGGER J-Link GDB Server V5.02c LogFile
Logging started @ 2016-10-10 11:59
03-00000000-00-00000000-0023: -----GDB Server start settings-----
03-00000000-00-00000000-0023: GDBInit file:                  none
03-00000000-00-00000000-0023: GDB Server Listening port:     2331
03-00000000-00-00000000-0023: SWO raw output listening port: 2332
03-00000000-00-00000000-0023: Terminal I/O port:             2333
03-00000000-00-00000000-002D: Accept remote connection:      localhost only
03-00000000-00-00000000-0021: Generate logfile:              on
03-00000000-00-00000000-0022: Verify download:               off
03-00000000-00-00000000-0022: Init regs on start:            off
03-00000000-00-00000000-0021: Silent mode:                   on
03-00000000-00-00000000-0021: Single run mode:               on
03-00000000-00-00000000-0023: Target connection timeout:     0 ms
03-00000000-00-00000002-0023: ------J-Link related settings------
03-00000000-00-00000002-0022: J-Link Host interface:         USB
03-00000000-00-00000002-0023: J-Link script:                 none
03-00000000-00-00000002-0023: J-Link settings file:          none
03-00000000-00-00000002-0023: ------Target related settings------
03-00000000-00-00000002-0028: Target device:                 Cortex-M0
03-00000000-00-00000002-0022: Target interface:              SWD
03-00000000-00-00000002-0023: Target interface speed:        0kHz
03-00000000-00-00000002-0025: Target endian:                 little
03-00000000-00-00000003-0017: Connecting to J-Link...
02-00000000-00-00000012-003D: Firmware: J-Link OB-SAM3U128 V3 compiled Jul  5 2016 08:42:14
02-00000000-00-00000012-000F: Hardware: V3.00
02-00000000-00-00000012-000E: S/N: 483000237
02-00000000-00-00000280-0034: Feature(s): RDI  returns O.K. (0277ms, 0278ms total)
03-00000000-00-00000280-0014: J-Link is connected.
02-00000000-00-00000280-005F: T0FC8 000:285 JLINK_ExecCommand("device = Cortex-M0", ...)  returns 0x00 (0000ms, 0278ms total)
02-00000000-00-00000280-0068: T0FC8 000:285 JLINK_ExecCommand("SetFlashRewriteBehavior = 1", ...)  returns 0x00 (0000ms, 0278ms total)
02-00000000-00-00000280-0041: T0FC8 000:285 JLINK_GetFirmwareString(...) (0000ms, 0278ms total)
03-00000000-00-00000280-003D: Firmware: J-Link OB-SAM3U128 V3 compiled Jul  5 2016 08:42:14
02-00000000-00-00000280-004F: T0FC8 000:285 JLINK_GetHardwareVersion()  returns 0x7530 (0000ms, 0278ms total)
03-00000000-00-00000280-000F: Hardware: V3.00
03-00000000-00-00000280-000E: S/N: 483000237
03-00000000-00-00000280-000F: Feature(s): RDI
02-00000000-00-00000281-0049: T0FC8 000:285 JLINK_GetHWStatus(...)  returns 0x00 (0001ms, 0279ms total)
02-00000000-00-00000281-003C: T0FC8 000:286 JLINK_EnableSoftBPs(ON) (0000ms, 0279ms total)
03-00000000-00-00000281-001A: Checking target voltage...
03-00000000-00-00000281-0016: Target voltage: 3.30 V
03-00000000-00-00000281-001D: Listening on TCP/IP port 2331
03-00000000-00-00000281-0017: Connecting to target...
02-00000000-00-00000281-0035: T0FC8 000:286 JLINK_ClrError() (0000ms, 0279ms total)
02-00000000-00-00000282-0049: T0FC8 000:286 JLINK_GetHWStatus(...)  returns 0x00 (0001ms, 0280ms total)
02-00000000-00-00000286-0055: T0FC8 000:287 JLINK_TIF_Select(JLINKARM_TIF_SWD)  returns 0x00 (0004ms, 0284ms total)
02-00000000-00-00000330-01F7: T0FC8 000:291 JLINK_SetSpeed(0) >0x108 TIF>Found SWD-DP with ID 0x0BB11477 >0x0D TIF> >0x21 TIF> >0x0D TIF> >0x28 TIF> >0x0D TIF> >0x28 TIF> >0x0D TIF> >0x21 TIF> >0x0D TIF> >0x28 TIF> >0x0D TIF> >0x21 TIF> >0x0D TIF> >0x21 TIF> >0x0D TIF> >0x21 TIF> >0x0D TIF> >0x21 TIF> >0x0D TIF> >0x28 TIF> >0x0D TIF> >0x28 TIF> >0x0D TIF> >0x21 TIF> >0x0D TIF> >0x28 TIF> >0x0D TIF> >0x28 TIF> >0x0D TIF> >0x28 TIF> >0x0D TIF> >0x21 TIF> >0x0D TIF> >0x21 TIF> >0x0D TIF> >0x28 TIF> >0x0D TIF> >0x21 TIF> >0x0D TIF>
02-00000000-00-00000353-01E3:  >0x21 TIF> -- CPU_ReadMem(4 bytes @ 0xE000EDF0) -- CPU_ReadMem(4 bytes @ 0xE0002000) -- CPU_ReadMem(4 bytes @ 0xE000EDFC) -- CPU_ReadMem(4 bytes @ 0xE0001000) -- CPU_WriteMem(4 bytes @ 0xE0001000)CoreSight components:ROMTbl 0 @ E00FF000 -- CPU_ReadMem(16 bytes @ 0xE00FF000) -- CPU_ReadMem(16 bytes @ 0xE000EFF0) -- CPU_ReadMem(16 bytes @ 0xE000EFE0)ROMTbl 0 [0]: FFF0F000, CID: B105E00D, PID: 000BB008 SCS -- CPU_ReadMem(16 bytes @ 0xE0001FF0) -- CPU_ReadMem(16 bytes @ 0xE0001FE0)
02-00000000-00-00000358-00D3: ROMTbl 0 [1]: FFF02000, CID: B105E00D, PID: 000BB00A DWT -- CPU_ReadMem(16 bytes @ 0xE0002FF0) -- CPU_ReadMem(16 bytes @ 0xE0002FE0)ROMTbl 0 [2]: FFF03000, CID: B105E00D, PID: 000BB00B FPB (0072ms, 0356ms total)
02-00000000-00-00000358-0044: T0FC8 000:363 JLINK_GetSpeed()  returns 0x7D0 (0000ms, 0356ms total)
02-00000000-00-00000358-0077: T0FC8 000:363 JLINK_SetResetType(JLINKARM_RESET_TYPE_NORMAL)  returns JLINKARM_RESET_TYPE_NORMAL (0000ms, 0356ms total)
02-00000000-00-00000358-003B: T0FC8 000:363 JLINK_SetResetDelay(0) (0000ms, 0356ms total)
02-00000000-00-00000358-0055: T0FC8 000:363 JLINK_SetEndian(ARM_ENDIAN_LITTLE)  returns 0x00 (0000ms, 0356ms total)
02-00000000-00-00000401-01F5: T0FC8 000:363 JLINK_Connect() >0x108 TIF>Found SWD-DP with ID 0x0BB11477 >0x0D TIF> >0x21 TIF> >0x0D TIF> >0x28 TIF> >0x0D TIF> >0x28 TIF> >0x0D TIF> >0x21 TIF> >0x0D TIF> >0x28 TIF> >0x0D TIF> >0x21 TIF> >0x0D TIF> >0x21 TIF> >0x0D TIF> >0x21 TIF> >0x0D TIF> >0x21 TIF> >0x0D TIF> >0x28 TIF> >0x0D TIF> >0x28 TIF> >0x0D TIF> >0x21 TIF> >0x0D TIF> >0x28 TIF> >0x0D TIF> >0x28 TIF> >0x0D TIF> >0x28 TIF> >0x0D TIF> >0x21 TIF> >0x0D TIF> >0x21 TIF> >0x0D TIF> >0x28 TIF> >0x0D TIF> >0x21 TIF> >0x0D TIF>
02-00000000-00-00000412-01E3:  >0x21 TIF> -- CPU_ReadMem(4 bytes @ 0xE000EDF0) -- CPU_ReadMem(4 bytes @ 0xE0002000) -- CPU_ReadMem(4 bytes @ 0xE000EDFC) -- CPU_ReadMem(4 bytes @ 0xE0001000) -- CPU_WriteMem(4 bytes @ 0xE0001000)CoreSight components:ROMTbl 0 @ E00FF000 -- CPU_ReadMem(16 bytes @ 0xE00FF000) -- CPU_ReadMem(16 bytes @ 0xE000EFF0) -- CPU_ReadMem(16 bytes @ 0xE000EFE0)ROMTbl 0 [0]: FFF0F000, CID: B105E00D, PID: 000BB008 SCS -- CPU_ReadMem(16 bytes @ 0xE0001FF0) -- CPU_ReadMem(16 bytes @ 0xE0001FE0)
02-00000000-00-00000414-00E1: ROMTbl 0 [1]: FFF02000, CID: B105E00D, PID: 000BB00A DWT -- CPU_ReadMem(16 bytes @ 0xE0002FF0) -- CPU_ReadMem(16 bytes @ 0xE0002FE0)ROMTbl 0 [2]: FFF03000, CID: B105E00D, PID: 000BB00B FPB  returns 0x00 (0056ms, 0412ms total)
02-00000000-00-00000416-00A2: T0FC8 000:419 JLINK_GetIdData(...) >0x0D TIF> >0x21 TIF> ScanLen=4 NumDevices=1 aId[0]=0x0BB11477 aIrRead[0]=0 aScanLen[0]=0 aScanRead[0]=0 (0002ms, 0414ms total)
02-00000000-00-00000416-0047: T0FC8 000:421 JLINK_GetDeviceFamily()  returns 6 (0000ms, 0414ms total)
02-00000000-00-00000417-0044: T0FC8 000:421 JLINK_IsHalted()  returns FALSE (0001ms, 0415ms total)
02-00000000-00-00000422-003F: T0FC8 000:422 JLINK_Halt()  returns 0x00 (0005ms, 0419ms total)
02-00000000-00-00000422-0043: T0FC8 000:427 JLINK_IsHalted()  returns TRUE (0000ms, 0419ms total)
03-00000000-00-00000422-0013: Connected to target
03-00000000-00-00000422-001D: Waiting for GDB connection...
03-00000000-00-00000463-0016: Connected to 127.0.0.1
00-0000026C-01-00000464-0012: 245835303030303031322c323aab00233233
01-0000026C-00-00000464-0001: +
03-00000000-00-00000464-0028: Downloading 2 bytes @ address 0x50000012
02-00000000-00-00000465-0094: T04E4 000:469 JLINK_WriteMem(0x50000012, 0x0002 Bytes, ...) - Data: AB 00 -- CPU_WriteMem(2 bytes @ 0x50000012)  returns 0x02 (0001ms, 0420ms total)
01-0000026C-00-00000465-0006: $OK#9a
00-0000026C-00-00000465-0001: +
03-00000000-00-00000465-001C: GDB closed TCP/IP connection
03-00000000-00-00000563-0037: Restoring target state and closing J-Link connection...
02-00000000-00-00000563-0041: T0FC8 000:568 JLINK_IsOpen()  returns 0x01 (0000ms, 0420ms total)
02-00000000-00-00000563-0056: T0FC8 000:568 JLINK_ExecCommand("ClrAllBPs", ...)  returns 0x00 (0000ms, 0420ms total)
03-00000000-00-00000605-0010: Shutting down...
